<?xml version="1.0" encoding="UTF-8"?>
<!-- Generated by org.testng.reporters.JUnitXMLReporter -->
<testsuite ignored="0" hostname="DESKTOP-11B1KME" failures="0" tests="4" name="Default test" time="5.637" errors="0" timestamp="2026-06-14T13:36:17 IST">
  <testcase classname="api_tests.Post_API_Tests" name="testCreatePostSuccess" time="3.283"/>
  <testcase classname="api_tests.Post_API_Tests" name="testGetNonExistentPostFailure" time="0.436"/>
  <testcase classname="api_tests.Post_API_Tests" name="testInvalidEndpoint" time="1.1"/>
  <testcase classname="api_tests.Post_API_Tests" name="testGetExistingPost" time="0.345"/>
</testsuite> <!-- Default test -->
