<?xml version="1.0" encoding="UTF-8"?>
<!-- Generated by org.testng.reporters.JUnitXMLReporter -->
<testsuite ignored="0" hostname="DESKTOP-11B1KME" failures="0" tests="4" name="Default test" time="44.451" errors="0" timestamp="2026-06-14T12:26:50 IST">
  <testcase classname="tests_orangehrm.Login_Test" name="testValidLogin" time="2.246"/>
  <testcase classname="tests_orangehrm.Login_Test" name="testInvalidPassword" time="2.137"/>
  <testcase classname="tests_orangehrm.Login_Test" name="testEmptyUsername" time="0.88"/>
  <testcase classname="tests_orangehrm.Login_Test" name="testEmptyPassword" time="1.378"/>
</testsuite> <!-- Default test -->
