<?xml version="1.0" encoding="UTF-8"?>
<!-- Generated by org.testng.reporters.JUnitReportReporter -->
<testsuite hostname="DESKTOP-11B1KME" failures="0" tests="4" name="tests_orangehrm.Login_Test" time="44.416" errors="0" timestamp="2026-06-14T12:26:50 IST" skipped="0">
  <testcase classname="tests_orangehrm.Login_Test" name="testValidLogin" time="12.928"/>
  <testcase classname="tests_orangehrm.Login_Test" name="testInvalidPassword" time="11.711"/>
  <testcase classname="tests_orangehrm.Login_Test" name="testEmptyUsername" time="9.644"/>
  <testcase classname="tests_orangehrm.Login_Test" name="testEmptyPassword" time="10.133"/>
</testsuite> <!-- tests_orangehrm.Login_Test -->
