<?xml version="1.0" encoding="UTF-8"?>
<testng-results ignored="0" total="4" passed="4" failed="0" skipped="0">
  <reporter-output>
  </reporter-output>
  <suite started-at="2026-06-14T12:26:06 IST" name="Default suite" finished-at="2026-06-14T12:26:50 IST" duration-ms="44451">
    <groups>
    </groups>
    <test started-at="2026-06-14T12:26:06 IST" name="Default test" finished-at="2026-06-14T12:26:50 IST" duration-ms="44451">
      <class name="tests_orangehrm.Login_Test">
        <test-method is-config="true" signature="setUp()[pri:0, instance:tests_orangehrm.Login_Test@76505305]" started-at="2026-06-14T12:26:06 IST" name="setUp" finished-at="2026-06-14T12:26:16 IST" duration-ms="10526" status="PASS">
          <reporter-output>
          </reporter-output>
        </test-method> <!-- setUp -->
        <test-method signature="testValidLogin()[pri:1, instance:tests_orangehrm.Login_Test@76505305]" started-at="2026-06-14T12:26:16 IST" name="testValidLogin" finished-at="2026-06-14T12:26:18 IST" duration-ms="2246" status="PASS">
          <reporter-output>
          </reporter-output>
        </test-method> <!-- testValidLogin -->
        <test-method is-config="true" signature="tearDown()[pri:0, instance:tests_orangehrm.Login_Test@76505305]" started-at="2026-06-14T12:26:18 IST" name="tearDown" finished-at="2026-06-14T12:26:19 IST" duration-ms="217" status="PASS">
          <reporter-output>
          </reporter-output>
        </test-method> <!-- tearDown -->
        <test-method is-config="true" signature="setUp()[pri:0, instance:tests_orangehrm.Login_Test@76505305]" started-at="2026-06-14T12:26:19 IST" name="setUp" finished-at="2026-06-14T12:26:28 IST" duration-ms="9417" status="PASS">
          <reporter-output>
          </reporter-output>
        </test-method> <!-- setUp -->
        <test-method signature="testInvalidPassword()[pri:2, instance:tests_orangehrm.Login_Test@76505305]" started-at="2026-06-14T12:26:28 IST" name="testInvalidPassword" finished-at="2026-06-14T12:26:30 IST" duration-ms="2137" status="PASS">
          <reporter-output>
          </reporter-output>
        </test-method> <!-- testInvalidPassword -->
        <test-method is-config="true" signature="tearDown()[pri:0, instance:tests_orangehrm.Login_Test@76505305]" started-at="2026-06-14T12:26:30 IST" name="tearDown" finished-at="2026-06-14T12:26:30 IST" duration-ms="157" status="PASS">
          <reporter-output>
          </reporter-output>
        </test-method> <!-- tearDown -->
        <test-method is-config="true" signature="setUp()[pri:0, instance:tests_orangehrm.Login_Test@76505305]" started-at="2026-06-14T12:26:30 IST" name="setUp" finished-at="2026-06-14T12:26:39 IST" duration-ms="8547" status="PASS">
          <reporter-output>
          </reporter-output>
        </test-method> <!-- setUp -->
        <test-method signature="testEmptyUsername()[pri:3, instance:tests_orangehrm.Login_Test@76505305]" started-at="2026-06-14T12:26:39 IST" name="testEmptyUsername" finished-at="2026-06-14T12:26:40 IST" duration-ms="880" status="PASS">
          <reporter-output>
          </reporter-output>
        </test-method> <!-- testEmptyUsername -->
        <test-method is-config="true" signature="tearDown()[pri:0, instance:tests_orangehrm.Login_Test@76505305]" started-at="2026-06-14T12:26:40 IST" name="tearDown" finished-at="2026-06-14T12:26:40 IST" duration-ms="156" status="PASS">
          <reporter-output>
          </reporter-output>
        </test-method> <!-- tearDown -->
        <test-method is-config="true" signature="setUp()[pri:0, instance:tests_orangehrm.Login_Test@76505305]" started-at="2026-06-14T12:26:40 IST" name="setUp" finished-at="2026-06-14T12:26:48 IST" duration-ms="8577" status="PASS">
          <reporter-output>
          </reporter-output>
        </test-method> <!-- setUp -->
        <test-method signature="testEmptyPassword()[pri:4, instance:tests_orangehrm.Login_Test@76505305]" started-at="2026-06-14T12:26:48 IST" name="testEmptyPassword" finished-at="2026-06-14T12:26:50 IST" duration-ms="1378" status="PASS">
          <reporter-output>
          </reporter-output>
        </test-method> <!-- testEmptyPassword -->
        <test-method is-config="true" signature="tearDown()[pri:0, instance:tests_orangehrm.Login_Test@76505305]" started-at="2026-06-14T12:26:50 IST" name="tearDown" finished-at="2026-06-14T12:26:50 IST" duration-ms="178" status="PASS">
          <reporter-output>
          </reporter-output>
        </test-method> <!-- tearDown -->
      </class> <!-- tests_orangehrm.Login_Test -->
    </test> <!-- Default test -->
  </suite> <!-- Default suite -->
</testng-results>
