<?xml version="1.0" encoding="UTF-8"?>
<testng-results ignored="0" total="4" passed="4" failed="0" skipped="0">
  <reporter-output>
  </reporter-output>
  <suite started-at="2026-06-14T13:36:12 IST" name="Default suite" finished-at="2026-06-14T13:36:17 IST" duration-ms="5637">
    <groups>
    </groups>
    <test started-at="2026-06-14T13:36:12 IST" name="Default test" finished-at="2026-06-14T13:36:17 IST" duration-ms="5637">
      <class name="api_tests.Post_API_Tests">
        <test-method is-config="true" signature="setup()[pri:0, instance:api_tests.Post_API_Tests@799f10e1]" started-at="2026-06-14T13:36:12 IST" name="setup" finished-at="2026-06-14T13:36:12 IST" duration-ms="422" status="PASS">
          <reporter-output>
          </reporter-output>
        </test-method> <!-- setup -->
        <test-method signature="testCreatePostSuccess()[pri:1, instance:api_tests.Post_API_Tests@799f10e1]" started-at="2026-06-14T13:36:12 IST" name="testCreatePostSuccess" description="Create a new post successfully" finished-at="2026-06-14T13:36:15 IST" duration-ms="3283" status="PASS">
          <reporter-output>
          </reporter-output>
        </test-method> <!-- testCreatePostSuccess -->
        <test-method signature="testGetNonExistentPostFailure()[pri:2, instance:api_tests.Post_API_Tests@799f10e1]" started-at="2026-06-14T13:36:15 IST" name="testGetNonExistentPostFailure" description="Get non-existent post returns 404" finished-at="2026-06-14T13:36:16 IST" duration-ms="436" status="PASS">
          <reporter-output>
          </reporter-output>
        </test-method> <!-- testGetNonExistentPostFailure -->
        <test-method signature="testInvalidEndpoint()[pri:3, instance:api_tests.Post_API_Tests@799f10e1]" started-at="2026-06-14T13:36:16 IST" name="testInvalidEndpoint" description="Invalid endpoint returns 404" finished-at="2026-06-14T13:36:17 IST" duration-ms="1100" status="PASS">
          <reporter-output>
          </reporter-output>
        </test-method> <!-- testInvalidEndpoint -->
        <test-method signature="testGetExistingPost()[pri:4, instance:api_tests.Post_API_Tests@799f10e1]" started-at="2026-06-14T13:36:17 IST" name="testGetExistingPost" description="Get existing post and validate fields" finished-at="2026-06-14T13:36:17 IST" duration-ms="345" status="PASS">
          <reporter-output>
          </reporter-output>
        </test-method> <!-- testGetExistingPost -->
      </class> <!-- api_tests.Post_API_Tests -->
    </test> <!-- Default test -->
  </suite> <!-- Default suite -->
</testng-results>
